[2020-06-18T13:32:24.957] [DEBUG] cheese - login => username:zs,password:123456
[2020-06-18T13:32:24.959] [DEBUG] cheese - zs
[2020-06-18T13:32:24.972] [DEBUG] cheese - null
[2020-06-18T13:32:24.973] [DEBUG] cheese - null
[2020-06-18T13:32:35.934] [DEBUG] cheese - login => username:admin,password:123456
[2020-06-18T13:32:35.934] [DEBUG] cheese - admin
[2020-06-18T13:32:35.942] [DEBUG] cheese - null
[2020-06-18T13:32:35.942] [DEBUG] cheese - null
[2020-06-19T20:19:40.895] [DEBUG] cheese - login => username:zsddd,password:123ddddd
[2020-06-19T20:19:40.897] [DEBUG] cheese - zsddd
[2020-06-19T20:19:40.907] [DEBUG] cheese - null
[2020-06-19T20:19:40.908] [DEBUG] cheese - null
[2020-06-19T20:22:05.295] [DEBUG] cheese - login => username:zss,password:123ssdd
[2020-06-19T20:22:05.295] [DEBUG] cheese - zss
[2020-06-19T20:22:05.297] [DEBUG] cheese - null
[2020-06-19T20:22:05.297] [DEBUG] cheese - null
[2020-06-19T20:25:59.510] [DEBUG] cheese - login => username:zsww,password:123www
[2020-06-19T20:25:59.510] [DEBUG] cheese - zsww
[2020-06-19T20:25:59.515] [DEBUG] cheese - null
[2020-06-19T20:25:59.515] [DEBUG] cheese - null
[2020-06-19T20:28:43.274] [DEBUG] cheese - login => username:zsss,password:123ssss
[2020-06-19T20:28:43.274] [DEBUG] cheese - zsss
[2020-06-19T20:28:43.277] [DEBUG] cheese - null
[2020-06-19T20:28:43.277] [DEBUG] cheese - null
[2020-06-19T20:28:50.654] [DEBUG] cheese - login => username:admin,password:123456
[2020-06-19T20:28:50.654] [DEBUG] cheese - admin
[2020-06-19T20:28:50.659] [DEBUG] cheese - null
[2020-06-19T20:28:50.659] [DEBUG] cheese - null
[2020-06-19T20:29:33.879] [DEBUG] cheese - login => username:zsdd,password:123dddd
[2020-06-19T20:29:33.879] [DEBUG] cheese - zsdd
[2020-06-19T20:29:33.881] [DEBUG] cheese - null
[2020-06-19T20:29:33.881] [DEBUG] cheese - null
[2020-06-19T20:29:40.049] [DEBUG] cheese - login => username:admin,password:123456
[2020-06-19T20:29:40.050] [DEBUG] cheese - admin
[2020-06-19T20:29:40.054] [DEBUG] cheese - null
[2020-06-19T20:29:40.054] [DEBUG] cheese - null
[2020-06-19T20:37:15.889] [DEBUG] cheese - login => username:zsdd,password:123ddd
[2020-06-19T20:37:15.889] [DEBUG] cheese - zsdd
[2020-06-19T20:37:15.891] [DEBUG] cheese - null
[2020-06-19T20:37:15.891] [DEBUG] cheese - null
[2020-06-19T20:37:22.078] [DEBUG] cheese - login => username:admin,password:123456
[2020-06-19T20:37:22.078] [DEBUG] cheese - admin
[2020-06-19T20:37:22.082] [DEBUG] cheese - null
[2020-06-19T20:37:22.082] [DEBUG] cheese - null
[2020-06-19T20:51:09.439] [DEBUG] cheese - login => username:admin,password:123456
[2020-06-19T20:51:09.440] [DEBUG] cheese - admin
[2020-06-19T20:51:09.442] [DEBUG] cheese - null
[2020-06-19T20:51:09.442] [DEBUG] cheese - null
[2020-06-19T20:51:20.558] [DEBUG] cheese - login => username:admin,password:123456
[2020-06-19T20:51:20.559] [DEBUG] cheese - admin
[2020-06-19T20:51:20.562] [DEBUG] cheese - null
[2020-06-19T20:51:20.562] [DEBUG] cheese - null
[2020-06-20T10:02:52.746] [DEBUG] cheese - login => username:admin,password:123456
[2020-06-20T10:02:52.748] [DEBUG] cheese - admin
[2020-06-20T10:02:52.774] [DEBUG] cheese - null
[2020-06-20T10:02:52.774] [DEBUG] cheese - null
[2020-06-20T10:02:59.259] [DEBUG] cheese - login => username:admin,password:123456
[2020-06-20T10:02:59.259] [DEBUG] cheese - admin
[2020-06-20T10:02:59.265] [DEBUG] cheese - null
[2020-06-20T10:02:59.266] [DEBUG] cheese - null
[2020-06-20T10:11:32.584] [DEBUG] cheese - login => username:admin,password:123456
[2020-06-20T10:11:32.584] [DEBUG] cheese - admin
[2020-06-20T10:11:32.587] [DEBUG] cheese - null
[2020-06-20T10:11:32.587] [DEBUG] cheese - null
[2020-06-20T10:11:38.587] [DEBUG] cheese - login => username:admin,password:123456
[2020-06-20T10:11:38.587] [DEBUG] cheese - admin
[2020-06-20T10:11:38.593] [DEBUG] cheese - null
[2020-06-20T10:11:38.593] [DEBUG] cheese - null
[2020-06-20T10:11:52.511] [DEBUG] cheese - login => username:admin,password:123456
[2020-06-20T10:11:52.511] [DEBUG] cheese - admin
[2020-06-20T10:11:52.514] [DEBUG] cheese - null
[2020-06-20T10:11:52.514] [DEBUG] cheese - null
[2020-06-20T13:15:13.628] [DEBUG] cheese - login => username:admin,password:123456
[2020-06-20T13:15:13.628] [DEBUG] cheese - admin
[2020-06-20T13:15:13.632] [DEBUG] cheese - null
[2020-06-20T13:15:13.632] [DEBUG] cheese - null
[2020-06-20T13:38:44.436] [DEBUG] cheese - login => username:admin,password:123456
[2020-06-20T13:38:44.436] [DEBUG] cheese - admin
[2020-06-20T13:38:44.439] [DEBUG] cheese - null
[2020-06-20T13:38:44.439] [DEBUG] cheese - null
[2020-06-20T19:11:26.321] [DEBUG] cheese - login => username:admin,password:123456
[2020-06-20T19:11:26.321] [DEBUG] cheese - admin
[2020-06-20T19:11:26.329] [DEBUG] cheese - null
[2020-06-20T19:11:26.329] [DEBUG] cheese - null
[2020-06-20T19:19:35.118] [DEBUG] cheese - login => username:admin,password:123456
[2020-06-20T19:19:35.118] [DEBUG] cheese - admin
[2020-06-20T19:19:35.122] [DEBUG] cheese - null
[2020-06-20T19:19:35.122] [DEBUG] cheese - null
[2020-06-21T10:26:06.468] [DEBUG] cheese - login => username:admin,password:123456
[2020-06-21T10:26:06.469] [DEBUG] cheese - admin
[2020-06-21T10:26:06.489] [DEBUG] cheese - null
[2020-06-21T10:26:06.490] [DEBUG] cheese - null
[2020-06-21T10:48:35.788] [DEBUG] cheese - login => username:admin,password:123456
[2020-06-21T10:48:35.788] [DEBUG] cheese - admin
[2020-06-21T10:48:35.796] [DEBUG] cheese - null
[2020-06-21T10:48:35.796] [DEBUG] cheese - null
[2020-06-21T10:56:45.676] [DEBUG] cheese - login => username:admin,password:123456
[2020-06-21T10:56:45.676] [DEBUG] cheese - admin
[2020-06-21T10:56:45.681] [DEBUG] cheese - null
[2020-06-21T10:56:45.682] [DEBUG] cheese - null
[2020-06-21T11:11:40.081] [DEBUG] cheese - login => username:admin,password:123456
[2020-06-21T11:11:40.082] [DEBUG] cheese - admin
[2020-06-21T11:11:40.112] [DEBUG] cheese - null
[2020-06-21T11:11:40.112] [DEBUG] cheese - null
[2020-06-21T11:30:00.794] [DEBUG] cheese - login => username:admin,password:123456
[2020-06-21T11:30:00.794] [DEBUG] cheese - admin
[2020-06-21T11:30:00.800] [DEBUG] cheese - null
[2020-06-21T11:30:00.800] [DEBUG] cheese - null
[2020-06-21T11:37:53.282] [DEBUG] cheese - login => username:admin,password:123456
[2020-06-21T11:37:53.282] [DEBUG] cheese - admin
[2020-06-21T11:37:53.287] [DEBUG] cheese - null
[2020-06-21T11:37:53.287] [DEBUG] cheese - null
[2020-06-21T11:55:32.710] [DEBUG] cheese - login => username:admin,password:123456
[2020-06-21T11:55:32.710] [DEBUG] cheese - admin
[2020-06-21T11:55:32.713] [DEBUG] cheese - null
[2020-06-21T11:55:32.713] [DEBUG] cheese - null
[2020-06-21T11:58:17.113] [DEBUG] cheese - login => username:admin,password:123456
[2020-06-21T11:58:17.114] [DEBUG] cheese - admin
[2020-06-21T11:58:17.117] [DEBUG] cheese - null
[2020-06-21T11:58:17.117] [DEBUG] cheese - null
[2020-06-21T12:05:49.144] [DEBUG] cheese - login => username:admin,password:123456
[2020-06-21T12:05:49.144] [DEBUG] cheese - admin
[2020-06-21T12:05:49.149] [DEBUG] cheese - null
[2020-06-21T12:05:49.149] [DEBUG] cheese - null
[2020-06-21T12:23:29.522] [DEBUG] cheese - login => username:admin,password:123456
[2020-06-21T12:23:29.522] [DEBUG] cheese - admin
[2020-06-21T12:23:29.524] [DEBUG] cheese - null
[2020-06-21T12:23:29.524] [DEBUG] cheese - null
[2020-06-21T12:28:54.478] [DEBUG] cheese - login => username:admin,password:123456
[2020-06-21T12:28:54.478] [DEBUG] cheese - admin
[2020-06-21T12:28:54.484] [DEBUG] cheese - null
[2020-06-21T12:28:54.484] [DEBUG] cheese - null
[2020-06-21T12:43:20.285] [DEBUG] cheese - login => username:admin,password:123456
[2020-06-21T12:43:20.286] [DEBUG] cheese - admin
[2020-06-21T12:43:20.289] [DEBUG] cheese - null
[2020-06-21T12:43:20.289] [DEBUG] cheese - null
[2020-06-21T12:46:14.867] [DEBUG] cheese - login => username:admin,password:123456
[2020-06-21T12:46:14.868] [DEBUG] cheese - admin
[2020-06-21T12:46:14.871] [DEBUG] cheese - null
[2020-06-21T12:46:14.871] [DEBUG] cheese - null
[2020-06-21T12:46:39.081] [DEBUG] cheese - login => username:admin,password:123456
[2020-06-21T12:46:39.082] [DEBUG] cheese - admin
[2020-06-21T12:46:39.084] [DEBUG] cheese - null
[2020-06-21T12:46:39.085] [DEBUG] cheese - null
[2020-06-21T13:01:10.040] [DEBUG] cheese - login => username:admin,password:123456
[2020-06-21T13:01:10.040] [DEBUG] cheese - admin
[2020-06-21T13:01:10.043] [DEBUG] cheese - null
[2020-06-21T13:01:10.043] [DEBUG] cheese - null
[2020-06-21T13:04:13.294] [DEBUG] cheese - login => username:admin,password:123456
[2020-06-21T13:04:13.295] [DEBUG] cheese - admin
[2020-06-21T13:04:13.299] [DEBUG] cheese - null
[2020-06-21T13:04:13.299] [DEBUG] cheese - null
[2020-06-21T13:04:40.056] [DEBUG] cheese - login => username:admin,password:123456
[2020-06-21T13:04:40.057] [DEBUG] cheese - admin
[2020-06-21T13:04:40.060] [DEBUG] cheese - null
[2020-06-21T13:04:40.060] [DEBUG] cheese - null
[2020-06-21T13:07:46.042] [DEBUG] cheese - login => username:admin,password:123456
[2020-06-21T13:07:46.042] [DEBUG] cheese - admin
[2020-06-21T13:07:46.044] [DEBUG] cheese - null
[2020-06-21T13:07:46.044] [DEBUG] cheese - null
[2020-06-21T13:07:51.016] [DEBUG] cheese - login => username:admin,password:123456
[2020-06-21T13:07:51.016] [DEBUG] cheese - admin
[2020-06-21T13:07:51.021] [DEBUG] cheese - null
[2020-06-21T13:07:51.021] [DEBUG] cheese - null
[2020-06-21T13:20:54.293] [DEBUG] cheese - login => username:admin,password:123456
[2020-06-21T13:20:54.294] [DEBUG] cheese - admin
[2020-06-21T13:20:54.298] [DEBUG] cheese - null
[2020-06-21T13:20:54.298] [DEBUG] cheese - null
[2020-06-21T17:06:22.072] [DEBUG] cheese - login => username:admin,password:123456
[2020-06-21T17:06:22.072] [DEBUG] cheese - admin
[2020-06-21T17:06:22.075] [DEBUG] cheese - null
[2020-06-21T17:06:22.075] [DEBUG] cheese - null
[2020-06-21T17:06:27.640] [DEBUG] cheese - login => username:admin,password:123456
[2020-06-21T17:06:27.640] [DEBUG] cheese - admin
[2020-06-21T17:06:27.642] [DEBUG] cheese - null
[2020-06-21T17:06:27.642] [DEBUG] cheese - null
[2020-06-21T17:34:53.657] [DEBUG] cheese - login => username:admin,password:123456
[2020-06-21T17:34:53.658] [DEBUG] cheese - admin
[2020-06-21T17:34:53.660] [DEBUG] cheese - null
[2020-06-21T17:34:53.660] [DEBUG] cheese - null
[2020-06-21T17:34:59.110] [DEBUG] cheese - login => username:admin,password:123456
[2020-06-21T17:34:59.110] [DEBUG] cheese - admin
[2020-06-21T17:34:59.114] [DEBUG] cheese - null
[2020-06-21T17:34:59.114] [DEBUG] cheese - null
[2020-06-21T17:35:05.085] [DEBUG] cheese - login => username:admin,password:123456
[2020-06-21T17:35:05.085] [DEBUG] cheese - admin
[2020-06-21T17:35:05.089] [DEBUG] cheese - null
[2020-06-21T17:35:05.089] [DEBUG] cheese - null
[2020-06-21T17:43:11.107] [DEBUG] cheese - login => username:admin,password:123456
[2020-06-21T17:43:11.107] [DEBUG] cheese - admin
[2020-06-21T17:43:11.111] [DEBUG] cheese - null
[2020-06-21T17:43:11.111] [DEBUG] cheese - null
[2020-06-22T18:24:56.471] [DEBUG] cheese - login => username:admin,password:123456
[2020-06-22T18:24:56.473] [DEBUG] cheese - admin
[2020-06-22T18:24:56.498] [DEBUG] cheese - null
[2020-06-22T18:24:56.499] [DEBUG] cheese - null
[2020-06-23T12:15:12.919] [DEBUG] cheese - login => username:admin,password:123456
[2020-06-23T12:15:12.921] [DEBUG] cheese - admin
[2020-06-23T12:15:12.941] [DEBUG] cheese - null
[2020-06-23T12:15:12.941] [DEBUG] cheese - null
[2020-06-23T12:25:06.536] [DEBUG] cheese - login => username:admin,password:123456
[2020-06-23T12:25:06.536] [DEBUG] cheese - admin
[2020-06-23T12:25:06.540] [DEBUG] cheese - null
[2020-06-23T12:25:06.540] [DEBUG] cheese - null
[2020-06-23T12:30:22.351] [DEBUG] cheese - login => username:admin,password:123456
[2020-06-23T12:30:22.351] [DEBUG] cheese - admin
[2020-06-23T12:30:22.355] [DEBUG] cheese - null
[2020-06-23T12:30:22.355] [DEBUG] cheese - null
[2020-06-23T12:31:19.839] [DEBUG] cheese - login => username:admin,password:123456
[2020-06-23T12:31:19.840] [DEBUG] cheese - admin
[2020-06-23T12:31:19.846] [DEBUG] cheese - null
[2020-06-23T12:31:19.846] [DEBUG] cheese - null
[2020-06-23T12:32:01.881] [DEBUG] cheese - login => username:admin,password:123456
[2020-06-23T12:32:01.881] [DEBUG] cheese - admin
[2020-06-23T12:32:01.883] [DEBUG] cheese - null
[2020-06-23T12:32:01.884] [DEBUG] cheese - null
[2020-06-23T12:35:15.622] [DEBUG] cheese - login => username:admin,password:123456
[2020-06-23T12:35:15.622] [DEBUG] cheese - admin
[2020-06-23T12:35:15.629] [DEBUG] cheese - null
[2020-06-23T12:35:15.629] [DEBUG] cheese - null
[2020-06-23T13:34:01.361] [DEBUG] cheese - login => username:admin,password:123456
[2020-06-23T13:34:01.361] [DEBUG] cheese - admin
[2020-06-23T13:34:01.363] [DEBUG] cheese - null
[2020-06-23T13:34:01.363] [DEBUG] cheese - null
[2020-06-23T13:35:33.228] [DEBUG] cheese - login => username:admin,password:123456
[2020-06-23T13:35:33.228] [DEBUG] cheese - admin
[2020-06-23T13:35:33.231] [DEBUG] cheese - null
[2020-06-23T13:35:33.231] [DEBUG] cheese - null
[2020-06-23T13:48:54.401] [DEBUG] cheese - login => username:admin,password:123456
[2020-06-23T13:48:54.401] [DEBUG] cheese - admin
[2020-06-23T13:48:54.406] [DEBUG] cheese - null
[2020-06-23T13:48:54.406] [DEBUG] cheese - null
[2020-06-23T13:54:22.912] [DEBUG] cheese - login => username:admin,password:123456
[2020-06-23T13:54:22.912] [DEBUG] cheese - admin
[2020-06-23T13:54:22.915] [DEBUG] cheese - null
[2020-06-23T13:54:22.915] [DEBUG] cheese - null
[2020-06-23T13:57:48.898] [DEBUG] cheese - login => username:admin,password:123456
[2020-06-23T13:57:48.898] [DEBUG] cheese - admin
[2020-06-23T13:57:48.900] [DEBUG] cheese - null
[2020-06-23T13:57:48.900] [DEBUG] cheese - null
[2020-06-23T14:23:08.817] [DEBUG] cheese - login => username:admin,password:123456
[2020-06-23T14:23:08.817] [DEBUG] cheese - admin
[2020-06-23T14:23:08.820] [DEBUG] cheese - null
[2020-06-23T14:23:08.820] [DEBUG] cheese - null
[2020-06-23T14:28:09.484] [DEBUG] cheese - login => username:admin,password:123456
[2020-06-23T14:28:09.484] [DEBUG] cheese - admin
[2020-06-23T14:28:09.486] [DEBUG] cheese - null
[2020-06-23T14:28:09.486] [DEBUG] cheese - null
[2020-06-24T17:10:07.501] [DEBUG] cheese - login => username:admin,password:123456
[2020-06-24T17:10:07.503] [DEBUG] cheese - admin
[2020-06-24T17:10:07.524] [DEBUG] cheese - null
[2020-06-24T17:10:07.524] [DEBUG] cheese - null
[2020-06-24T17:12:13.680] [DEBUG] cheese - login => username:admin,password:123456
[2020-06-24T17:12:13.681] [DEBUG] cheese - admin
[2020-06-24T17:12:13.685] [DEBUG] cheese - null
[2020-06-24T17:12:13.685] [DEBUG] cheese - null
[2020-06-26T14:49:40.100] [DEBUG] cheese - login => username:admin,password:123456
[2020-06-26T14:49:40.102] [DEBUG] cheese - admin
[2020-06-26T14:49:40.122] [DEBUG] cheese - null
[2020-06-26T14:49:40.123] [DEBUG] cheese - null
[2020-06-26T14:53:27.037] [DEBUG] cheese - login => username:admin,password:123456
[2020-06-26T14:53:27.037] [DEBUG] cheese - admin
[2020-06-26T14:53:27.040] [DEBUG] cheese - null
[2020-06-26T14:53:27.040] [DEBUG] cheese - null
[2020-06-26T15:18:47.662] [DEBUG] cheese - login => username:admin,password:123456
[2020-06-26T15:18:47.662] [DEBUG] cheese - admin
[2020-06-26T15:18:47.664] [DEBUG] cheese - null
[2020-06-26T15:18:47.665] [DEBUG] cheese - null
[2020-06-26T17:24:23.862] [DEBUG] cheese - login => username:admin,password:123456
[2020-06-26T17:24:23.863] [DEBUG] cheese - admin
[2020-06-26T17:24:23.865] [DEBUG] cheese - null
[2020-06-26T17:24:23.865] [DEBUG] cheese - null
[2020-06-26T19:59:44.968] [DEBUG] cheese - login => username:admin,password:123456
[2020-06-26T19:59:44.968] [DEBUG] cheese - admin
[2020-06-26T19:59:44.973] [DEBUG] cheese - null
[2020-06-26T19:59:44.973] [DEBUG] cheese - null
[2020-06-27T09:58:50.992] [DEBUG] cheese - login => username:admin,password:123456
[2020-06-27T09:58:50.993] [DEBUG] cheese - admin
[2020-06-27T09:58:51.014] [DEBUG] cheese - null
[2020-06-27T09:58:51.014] [DEBUG] cheese - null
[2020-06-27T20:47:35.605] [DEBUG] cheese - login => username:admin,password:123456
[2020-06-27T20:47:35.606] [DEBUG] cheese - admin
[2020-06-27T20:47:35.610] [DEBUG] cheese - null
[2020-06-27T20:47:35.611] [DEBUG] cheese - null
[2020-07-01T13:47:05.355] [DEBUG] cheese - login => username:admin,password:123456
[2020-07-01T13:47:05.357] [DEBUG] cheese - admin
[2020-07-01T13:47:05.370] [DEBUG] cheese - null
[2020-07-01T13:47:05.371] [DEBUG] cheese - null
[2020-07-01T13:53:50.391] [DEBUG] cheese - login => username:admin,password:123456
[2020-07-01T13:53:50.391] [DEBUG] cheese - admin
[2020-07-01T13:53:50.395] [DEBUG] cheese - null
[2020-07-01T13:53:50.396] [DEBUG] cheese - null
[2020-07-01T14:07:10.834] [DEBUG] cheese - login => username:admin,password:123456
[2020-07-01T14:07:10.834] [DEBUG] cheese - admin
[2020-07-01T14:07:10.836] [DEBUG] cheese - null
[2020-07-01T14:07:10.836] [DEBUG] cheese - null
[2020-07-01T14:35:37.006] [DEBUG] cheese - login => username:admin,password:123456
[2020-07-01T14:35:37.006] [DEBUG] cheese - admin
[2020-07-01T14:35:37.013] [DEBUG] cheese - null
[2020-07-01T14:35:37.013] [DEBUG] cheese - null
[2020-07-01T15:11:40.548] [DEBUG] cheese - login => username:admin,password:123456
[2020-07-01T15:11:40.548] [DEBUG] cheese - admin
[2020-07-01T15:11:40.551] [DEBUG] cheese - null
[2020-07-01T15:11:40.551] [DEBUG] cheese - null
[2020-07-01T15:52:52.957] [DEBUG] cheese - login => username:admin,password:123456
[2020-07-01T15:52:52.957] [DEBUG] cheese - admin
[2020-07-01T15:52:52.959] [DEBUG] cheese - null
[2020-07-01T15:52:52.959] [DEBUG] cheese - null
[2020-07-01T16:05:49.531] [DEBUG] cheese - login => username:admin,password:123456
[2020-07-01T16:05:49.533] [DEBUG] cheese - admin
[2020-07-01T16:05:49.544] [DEBUG] cheese - null
[2020-07-01T16:05:49.544] [DEBUG] cheese - null
[2020-07-01T16:16:16.269] [DEBUG] cheese - login => username:admin,password:123456
[2020-07-01T16:16:16.270] [DEBUG] cheese - admin
[2020-07-01T16:16:16.274] [DEBUG] cheese - null
[2020-07-01T16:16:16.274] [DEBUG] cheese - null
[2020-07-02T13:10:45.066] [DEBUG] cheese - login => username:admin,password:123456
[2020-07-02T13:10:45.068] [DEBUG] cheese - admin
[2020-07-02T13:10:45.087] [DEBUG] cheese - null
[2020-07-02T13:10:45.088] [DEBUG] cheese - null
[2020-07-02T14:41:43.572] [DEBUG] cheese - null
[2020-07-02T14:43:16.602] [DEBUG] cheese - null
[2020-07-02T14:43:19.769] [DEBUG] cheese - null
[2020-07-02T14:43:28.211] [DEBUG] cheese - null
[2020-07-02T14:43:37.217] [DEBUG] cheese - null
[2020-07-02T14:43:42.431] [DEBUG] cheese - null
[2020-07-02T16:54:06.699] [DEBUG] cheese - login => username:admin,password:123456
[2020-07-02T16:54:06.701] [DEBUG] cheese - admin
[2020-07-02T16:54:06.715] [DEBUG] cheese - null
[2020-07-02T16:54:06.716] [DEBUG] cheese - null
[2020-07-03T13:32:56.038] [DEBUG] cheese - login => username:admin,password:123456
[2020-07-03T13:32:56.039] [DEBUG] cheese - admin
[2020-07-03T13:32:56.057] [DEBUG] cheese - null
[2020-07-03T13:32:56.058] [DEBUG] cheese - null
[2020-07-03T13:50:40.361] [DEBUG] cheese - null
[2020-07-03T20:03:58.423] [DEBUG] cheese - login => username:admin,password:123456
[2020-07-03T20:03:58.424] [DEBUG] cheese - admin
[2020-07-03T20:03:58.427] [DEBUG] cheese - null
[2020-07-03T20:03:58.427] [DEBUG] cheese - null
[2020-07-04T17:04:37.185] [DEBUG] cheese - login => username:admin,password:123456
[2020-07-04T17:04:37.187] [DEBUG] cheese - admin
[2020-07-04T17:04:37.211] [DEBUG] cheese - null
[2020-07-04T17:04:37.212] [DEBUG] cheese - null
[2020-07-04T17:09:11.243] [DEBUG] cheese - login => username:admin,password:123456
[2020-07-04T17:09:11.243] [DEBUG] cheese - admin
[2020-07-04T17:09:11.249] [DEBUG] cheese - null
[2020-07-04T17:09:11.249] [DEBUG] cheese - null
[2020-07-04T17:14:10.390] [DEBUG] cheese - login => username:admin,password:123456
[2020-07-04T17:14:10.392] [DEBUG] cheese - admin
[2020-07-04T17:14:10.403] [DEBUG] cheese - null
[2020-07-04T17:14:10.404] [DEBUG] cheese - null
[2020-07-04T17:50:40.748] [DEBUG] cheese - login => username:admin,password:123456
[2020-07-04T17:50:40.750] [DEBUG] cheese - admin
[2020-07-04T17:50:40.754] [DEBUG] cheese - null
[2020-07-04T17:50:40.755] [DEBUG] cheese - null
[2020-07-04T20:05:19.574] [DEBUG] cheese - login => username:admin,password:123456
[2020-07-04T20:05:19.576] [DEBUG] cheese - admin
[2020-07-04T20:05:19.583] [DEBUG] cheese - null
[2020-07-04T20:05:19.584] [DEBUG] cheese - null
[2020-07-05T09:39:59.887] [DEBUG] cheese - login => username:admin,password:123456
[2020-07-05T09:39:59.888] [DEBUG] cheese - admin
[2020-07-05T09:39:59.902] [DEBUG] cheese - null
[2020-07-05T09:39:59.903] [DEBUG] cheese - null
[2020-07-05T10:11:13.872] [DEBUG] cheese - login => username:admin,password:123456
[2020-07-05T10:11:13.874] [DEBUG] cheese - admin
[2020-07-05T10:11:13.886] [DEBUG] cheese - null
[2020-07-05T10:11:13.886] [DEBUG] cheese - null
[2020-07-05T10:28:00.608] [DEBUG] cheese - login => username:admin,password:123456
[2020-07-05T10:28:00.611] [DEBUG] cheese - admin
[2020-07-05T10:28:00.616] [DEBUG] cheese - null
[2020-07-05T10:28:00.617] [DEBUG] cheese - null
[2020-07-05T11:15:01.440] [DEBUG] cheese - login => username:admin,password:123456
[2020-07-05T11:15:01.442] [DEBUG] cheese - admin
[2020-07-05T11:15:01.455] [DEBUG] cheese - null
[2020-07-05T11:15:01.456] [DEBUG] cheese - null
[2020-07-05T11:37:06.815] [DEBUG] cheese - login => username:admin,password:123456
[2020-07-05T11:37:06.819] [DEBUG] cheese - admin
[2020-07-05T11:37:06.825] [DEBUG] cheese - null
[2020-07-05T11:37:06.826] [DEBUG] cheese - null
[2020-07-05T13:12:12.790] [DEBUG] cheese - login => username:admin,password:123456
[2020-07-05T13:12:12.793] [DEBUG] cheese - admin
[2020-07-05T13:12:12.799] [DEBUG] cheese - null
[2020-07-05T13:12:12.801] [DEBUG] cheese - null
[2020-07-05T14:19:03.859] [DEBUG] cheese - login => username:admin,password:123456
[2020-07-05T14:19:03.862] [DEBUG] cheese - admin
[2020-07-05T14:19:03.868] [DEBUG] cheese - null
[2020-07-05T14:19:03.869] [DEBUG] cheese - null
[2020-07-05T14:20:24.724] [DEBUG] cheese - login => username:admin,password:123456
[2020-07-05T14:20:24.726] [DEBUG] cheese - admin
[2020-07-05T14:20:24.731] [DEBUG] cheese - null
[2020-07-05T14:20:24.732] [DEBUG] cheese - null
[2020-07-05T14:43:18.279] [DEBUG] cheese - login => username:admin,password:123456
[2020-07-05T14:43:18.280] [DEBUG] cheese - admin
[2020-07-05T14:43:18.285] [DEBUG] cheese - null
[2020-07-05T14:43:18.286] [DEBUG] cheese - null
[2020-07-07T12:19:35.151] [DEBUG] cheese - login => username:admin,password:123456
[2020-07-07T12:19:35.153] [DEBUG] cheese - admin
[2020-07-07T12:19:35.166] [DEBUG] cheese - null
[2020-07-07T12:19:35.166] [DEBUG] cheese - null
[2020-07-07T13:04:55.234] [DEBUG] cheese - login => username:admin,password:123456
[2020-07-07T13:04:55.236] [DEBUG] cheese - admin
[2020-07-07T13:04:55.242] [DEBUG] cheese - null
[2020-07-07T13:04:55.242] [DEBUG] cheese - null
[2020-07-07T13:15:26.261] [DEBUG] cheese - login => username:admin,password:123456
[2020-07-07T13:15:26.263] [DEBUG] cheese - admin
[2020-07-07T13:15:26.266] [DEBUG] cheese - null
[2020-07-07T13:15:26.267] [DEBUG] cheese - null
[2020-07-07T13:19:33.132] [DEBUG] cheese - login => username:admin,password:123456
[2020-07-07T13:19:33.132] [DEBUG] cheese - admin
[2020-07-07T13:19:33.135] [DEBUG] cheese - null
[2020-07-07T13:19:33.136] [DEBUG] cheese - null
[2020-07-08T14:39:27.314] [DEBUG] cheese - login => username:admin,password:123456
[2020-07-08T14:39:27.316] [DEBUG] cheese - admin
[2020-07-08T14:39:27.329] [DEBUG] cheese - null
[2020-07-08T14:39:27.330] [DEBUG] cheese - null
[2020-07-09T12:48:05.249] [DEBUG] cheese - login => username:admin,password:123456
[2020-07-09T12:48:05.251] [DEBUG] cheese - admin
[2020-07-09T12:48:05.270] [DEBUG] cheese - null
[2020-07-09T12:48:05.271] [DEBUG] cheese - null
[2020-07-09T13:04:02.764] [DEBUG] cheese - login => username:admin,password:123456
[2020-07-09T13:04:02.765] [DEBUG] cheese - admin
[2020-07-09T13:04:02.776] [DEBUG] cheese - null
[2020-07-09T13:04:02.777] [DEBUG] cheese - null
[2020-07-09T13:04:55.971] [DEBUG] cheese - login => username:admin,password:123456
[2020-07-09T13:04:55.971] [DEBUG] cheese - admin
[2020-07-09T13:04:55.973] [DEBUG] cheese - null
[2020-07-09T13:04:55.974] [DEBUG] cheese - null
[2020-07-09T13:59:50.596] [DEBUG] cheese - login => username:admin,password:123456
[2020-07-09T13:59:50.600] [DEBUG] cheese - admin
[2020-07-09T13:59:50.606] [DEBUG] cheese - null
[2020-07-09T13:59:50.607] [DEBUG] cheese - null
[2020-07-09T14:29:11.395] [DEBUG] cheese - login => username:admin,password:123456
[2020-07-09T14:29:11.398] [DEBUG] cheese - admin
[2020-07-09T14:29:11.401] [DEBUG] cheese - null
[2020-07-09T14:29:11.402] [DEBUG] cheese - null
[2020-07-10T11:05:25.973] [DEBUG] cheese - login => username:admin,password:123456
[2020-07-10T11:05:25.975] [DEBUG] cheese - admin
[2020-07-10T11:05:26.009] [DEBUG] cheese - null
[2020-07-10T11:05:26.010] [DEBUG] cheese - null
[2020-07-10T11:33:13.979] [DEBUG] cheese - login => username:admin,password:123456
[2020-07-10T11:33:13.982] [DEBUG] cheese - admin
[2020-07-10T11:33:13.988] [DEBUG] cheese - null
[2020-07-10T11:33:13.989] [DEBUG] cheese - null
[2020-07-10T12:54:50.453] [DEBUG] cheese - login => username:admin,password:123456
[2020-07-10T12:54:50.457] [DEBUG] cheese - admin
[2020-07-10T12:54:50.463] [DEBUG] cheese - null
[2020-07-10T12:54:50.464] [DEBUG] cheese - null
[2020-07-10T13:21:02.086] [DEBUG] cheese - login => username:admin,password:123456
[2020-07-10T13:21:02.088] [DEBUG] cheese - admin
[2020-07-10T13:21:02.102] [DEBUG] cheese - null
[2020-07-10T13:21:02.102] [DEBUG] cheese - null
[2020-07-10T14:17:54.658] [DEBUG] cheese - login => username:admin,password:123456
[2020-07-10T14:17:54.660] [DEBUG] cheese - admin
[2020-07-10T14:17:54.664] [DEBUG] cheese - null
[2020-07-10T14:17:54.664] [DEBUG] cheese - null
[2020-07-10T14:25:53.226] [DEBUG] cheese - login => username:admin,password:123456
[2020-07-10T14:25:53.226] [DEBUG] cheese - admin
[2020-07-10T14:25:53.229] [DEBUG] cheese - null
[2020-07-10T14:25:53.229] [DEBUG] cheese - null
[2020-07-10T14:28:38.672] [DEBUG] cheese - login => username:admin,password:123456
[2020-07-10T14:28:38.672] [DEBUG] cheese - admin
[2020-07-10T14:28:38.675] [DEBUG] cheese - null
[2020-07-10T14:28:38.675] [DEBUG] cheese - null
[2020-07-10T14:32:19.868] [DEBUG] cheese - login => username:admin,password:123456
[2020-07-10T14:32:19.868] [DEBUG] cheese - admin
[2020-07-10T14:32:19.871] [DEBUG] cheese - null
[2020-07-10T14:32:19.871] [DEBUG] cheese - null
[2020-07-10T14:41:06.815] [DEBUG] cheese - login => username:admin,password:123456
[2020-07-10T14:41:06.817] [DEBUG] cheese - admin
[2020-07-10T14:41:06.821] [DEBUG] cheese - null
[2020-07-10T14:41:06.822] [DEBUG] cheese - null
[2020-07-10T14:41:58.790] [DEBUG] cheese - login => username:admin,password:123456
[2020-07-10T14:41:58.790] [DEBUG] cheese - admin
[2020-07-10T14:41:58.793] [DEBUG] cheese - null
[2020-07-10T14:41:58.794] [DEBUG] cheese - null
[2020-07-10T15:06:40.419] [DEBUG] cheese - login => username:admin,password:123456
[2020-07-10T15:06:40.421] [DEBUG] cheese - admin
[2020-07-10T15:06:40.426] [DEBUG] cheese - null
[2020-07-10T15:06:40.427] [DEBUG] cheese - null
[2020-07-10T15:10:41.943] [DEBUG] cheese - login => username:admin,password:123456
[2020-07-10T15:10:41.943] [DEBUG] cheese - admin
[2020-07-10T15:10:41.946] [DEBUG] cheese - null
[2020-07-10T15:10:41.946] [DEBUG] cheese - null
[2020-07-10T15:11:56.793] [DEBUG] cheese - login => username:admin,password:123456
[2020-07-10T15:11:56.793] [DEBUG] cheese - admin
[2020-07-10T15:11:56.795] [DEBUG] cheese - null
[2020-07-10T15:11:56.795] [DEBUG] cheese - null
[2020-07-10T16:40:01.160] [DEBUG] cheese - login => username:admin,password:123456
[2020-07-10T16:40:01.162] [DEBUG] cheese - admin
[2020-07-10T16:40:01.181] [DEBUG] cheese - null
[2020-07-10T16:40:01.182] [DEBUG] cheese - null
[2020-07-11T15:22:31.480] [DEBUG] cheese - login => username:admin,password:123456
[2020-07-11T15:22:31.482] [DEBUG] cheese - admin
[2020-07-11T15:22:31.501] [DEBUG] cheese - null
[2020-07-11T15:22:31.502] [DEBUG] cheese - null
[2020-07-11T15:28:44.427] [DEBUG] cheese - login => username:admin,password:123456
[2020-07-11T15:28:44.430] [DEBUG] cheese - admin
[2020-07-11T15:28:44.438] [DEBUG] cheese - null
[2020-07-11T15:28:44.439] [DEBUG] cheese - null
[2020-07-11T15:48:22.425] [DEBUG] cheese - login => username:admin,password:123456
[2020-07-11T15:48:22.427] [DEBUG] cheese - admin
[2020-07-11T15:48:22.432] [DEBUG] cheese - null
[2020-07-11T15:48:22.432] [DEBUG] cheese - null
[2020-07-11T15:56:29.348] [DEBUG] cheese - login => username:admin,password:123456
[2020-07-11T15:56:29.348] [DEBUG] cheese - admin
[2020-07-11T15:56:29.356] [DEBUG] cheese - null
[2020-07-11T15:56:29.356] [DEBUG] cheese - null
[2020-07-11T16:14:22.560] [DEBUG] cheese - login => username:admin,password:123456
[2020-07-11T16:14:22.560] [DEBUG] cheese - admin
[2020-07-11T16:14:22.589] [DEBUG] cheese - null
[2020-07-11T16:14:22.589] [DEBUG] cheese - null
[2020-07-14T12:53:57.777] [DEBUG] cheese - login => username:admin,password:123456
[2020-07-14T12:53:57.778] [DEBUG] cheese - admin
[2020-07-14T12:53:57.793] [DEBUG] cheese - null
[2020-07-14T12:53:57.793] [DEBUG] cheese - null
[2020-07-14T13:52:11.470] [DEBUG] cheese - null
[2020-07-14T13:57:22.508] [DEBUG] cheese - null
[2020-07-14T13:59:43.834] [DEBUG] cheese - null
[2020-07-14T14:00:06.827] [DEBUG] cheese - null
[2020-07-14T14:01:25.244] [DEBUG] cheese - null
[2020-07-14T14:37:49.706] [DEBUG] cheese - null
[2020-07-14T14:38:54.270] [DEBUG] cheese - null
[2020-07-14T14:41:13.135] [DEBUG] cheese - null
[2020-07-14T14:42:02.455] [DEBUG] cheese - null
[2020-07-14T14:42:18.636] [DEBUG] cheese - null
[2020-07-15T10:16:59.809] [DEBUG] cheese - login => username:admin,password:123456
[2020-07-15T10:16:59.811] [DEBUG] cheese - admin
[2020-07-15T10:16:59.831] [DEBUG] cheese - null
[2020-07-15T10:16:59.832] [DEBUG] cheese - null
[2020-07-15T11:35:03.382] [DEBUG] cheese - login => username:admin,password:123456
[2020-07-15T11:35:03.384] [DEBUG] cheese - admin
[2020-07-15T11:35:03.396] [DEBUG] cheese - null
[2020-07-15T11:35:03.396] [DEBUG] cheese - null
[2020-07-15T14:02:41.326] [DEBUG] cheese - login => username:admin,password:123456
[2020-07-15T14:02:41.328] [DEBUG] cheese - admin
[2020-07-15T14:02:41.347] [DEBUG] cheese - null
[2020-07-15T14:02:41.348] [DEBUG] cheese - null
[2020-07-15T14:28:10.502] [DEBUG] cheese - login => username:admin,password:123456
[2020-07-15T14:28:10.505] [DEBUG] cheese - admin
[2020-07-15T14:28:10.526] [DEBUG] cheese - null
[2020-07-15T14:28:10.526] [DEBUG] cheese - null
[2020-07-15T14:37:20.985] [DEBUG] cheese - login => username:admin,password:123456
[2020-07-15T14:37:20.986] [DEBUG] cheese - admin
[2020-07-15T14:37:20.988] [DEBUG] cheese - null
[2020-07-15T14:37:20.988] [DEBUG] cheese - null
[2020-07-16T12:43:18.746] [DEBUG] cheese - login => username:admin,password:123456
[2020-07-16T12:43:18.748] [DEBUG] cheese - admin
[2020-07-16T12:43:18.776] [DEBUG] cheese - null
[2020-07-16T12:43:18.777] [DEBUG] cheese - null
[2020-07-16T13:06:58.391] [DEBUG] cheese - login => username:admin,password:123456
[2020-07-16T13:06:58.393] [DEBUG] cheese - admin
[2020-07-16T13:06:58.418] [DEBUG] cheese - null
[2020-07-16T13:06:58.419] [DEBUG] cheese - null
[2020-07-16T13:24:46.543] [DEBUG] cheese - login => username:admin,password:123456
[2020-07-16T13:24:46.546] [DEBUG] cheese - admin
[2020-07-16T13:24:46.562] [DEBUG] cheese - null
[2020-07-16T13:24:46.563] [DEBUG] cheese - null
[2020-07-16T13:39:09.876] [DEBUG] cheese - login => username:admin,password:123456
[2020-07-16T13:39:09.878] [DEBUG] cheese - admin
[2020-07-16T13:39:09.889] [DEBUG] cheese - null
[2020-07-16T13:39:09.890] [DEBUG] cheese - null
[2020-07-16T13:40:47.058] [DEBUG] cheese - login => username:admin,password:123456
[2020-07-16T13:40:47.058] [DEBUG] cheese - admin
[2020-07-16T13:40:47.061] [DEBUG] cheese - null
[2020-07-16T13:40:47.061] [DEBUG] cheese - null
[2020-07-16T13:43:29.538] [DEBUG] cheese - login => username:admin,password:123456
[2020-07-16T13:43:29.540] [DEBUG] cheese - admin
[2020-07-16T13:43:29.543] [DEBUG] cheese - null
[2020-07-16T13:43:29.544] [DEBUG] cheese - null
[2020-07-16T15:00:18.989] [DEBUG] cheese - login => username:admin,password:123456
[2020-07-16T15:00:18.998] [DEBUG] cheese - admin
[2020-07-16T15:00:19.076] [DEBUG] cheese - null
[2020-07-16T15:00:19.077] [DEBUG] cheese - null
[2020-07-16T15:03:59.186] [DEBUG] cheese - login => username:admin,password:123456
[2020-07-16T15:03:59.187] [DEBUG] cheese - admin
[2020-07-16T15:03:59.190] [DEBUG] cheese - null
[2020-07-16T15:03:59.191] [DEBUG] cheese - null
[2020-07-16T15:06:50.143] [DEBUG] cheese - login => username:admin,password:123456
[2020-07-16T15:06:50.144] [DEBUG] cheese - admin
[2020-07-16T15:06:50.150] [DEBUG] cheese - null
[2020-07-16T15:06:50.151] [DEBUG] cheese - null
[2020-07-16T16:20:12.436] [DEBUG] cheese - login => username:admin,password:123456
[2020-07-16T16:20:12.438] [DEBUG] cheese - admin
[2020-07-16T16:20:12.453] [DEBUG] cheese - null
[2020-07-16T16:20:12.454] [DEBUG] cheese - null
[2020-07-16T16:41:42.245] [DEBUG] cheese - login => username:admin,password:123456
[2020-07-16T16:41:42.245] [DEBUG] cheese - admin
[2020-07-16T16:41:43.256] [DEBUG] cheese - { inspect: [Function: inspect] }
[2020-07-16T16:41:43.260] [DEBUG] cheese - 查询失败
[2020-07-16T16:41:45.076] [DEBUG] cheese - login => username:admin,password:123456
[2020-07-16T16:41:45.076] [DEBUG] cheese - admin
[2020-07-16T16:41:46.076] [DEBUG] cheese - { inspect: [Function: inspect] }
[2020-07-16T16:41:46.077] [DEBUG] cheese - 查询失败
[2020-07-16T16:41:46.971] [DEBUG] cheese - login => username:admin,password:123456
[2020-07-16T16:41:46.972] [DEBUG] cheese - admin
[2020-07-16T16:41:47.980] [DEBUG] cheese - { inspect: [Function: inspect] }
[2020-07-16T16:41:47.980] [DEBUG] cheese - 查询失败
[2020-07-16T16:41:52.939] [DEBUG] cheese - login => username:admin,password:123456
[2020-07-16T16:41:52.939] [DEBUG] cheese - admin
[2020-07-16T16:41:53.945] [DEBUG] cheese - { inspect: [Function: inspect] }
[2020-07-16T16:41:53.945] [DEBUG] cheese - 查询失败
[2020-07-16T16:42:08.308] [DEBUG] cheese - login => username:admin,password:123456
[2020-07-16T16:42:08.308] [DEBUG] cheese - admin
[2020-07-16T16:42:08.324] [DEBUG] cheese - null
[2020-07-16T16:42:08.324] [DEBUG] cheese - null
[2020-07-16T16:43:14.533] [DEBUG] cheese - login => username:admin,password:123456
[2020-07-16T16:43:14.534] [DEBUG] cheese - admin
[2020-07-16T16:43:14.541] [DEBUG] cheese - null
[2020-07-16T16:43:14.541] [DEBUG] cheese - null
[2020-07-16T17:09:14.718] [DEBUG] cheese - login => username:admin,password:123456
[2020-07-16T17:09:14.718] [DEBUG] cheese - admin
[2020-07-16T17:09:14.725] [DEBUG] cheese - null
[2020-07-16T17:09:14.725] [DEBUG] cheese - null
[2020-07-16T17:23:15.847] [DEBUG] cheese - login => username:admin,password:123456
[2020-07-16T17:23:15.848] [DEBUG] cheese - admin
[2020-07-16T17:23:15.851] [DEBUG] cheese - null
[2020-07-16T17:23:15.852] [DEBUG] cheese - null
[2020-07-16T17:43:54.176] [DEBUG] cheese - login => username:admin,password:123456
[2020-07-16T17:43:54.176] [DEBUG] cheese - admin
[2020-07-16T17:43:54.179] [DEBUG] cheese - null
[2020-07-16T17:43:54.179] [DEBUG] cheese - null
[2020-07-17T16:11:20.390] [DEBUG] cheese - login => username:admin,password:123456
[2020-07-17T16:11:20.392] [DEBUG] cheese - admin
[2020-07-17T16:11:20.409] [DEBUG] cheese - null
[2020-07-17T16:11:20.410] [DEBUG] cheese - null
[2020-07-17T16:11:28.582] [DEBUG] cheese - login => username:admin,password:123456
[2020-07-17T16:11:28.582] [DEBUG] cheese - admin
[2020-07-17T16:11:28.588] [DEBUG] cheese - null
[2020-07-17T16:11:28.588] [DEBUG] cheese - null
[2020-07-17T16:15:12.107] [DEBUG] cheese - login => username:admin,password:123456
[2020-07-17T16:15:12.107] [DEBUG] cheese - admin
[2020-07-17T16:15:12.111] [DEBUG] cheese - null
[2020-07-17T16:15:12.112] [DEBUG] cheese - null
[2020-07-17T16:19:16.220] [DEBUG] cheese - login => username:admin,password:123456
[2020-07-17T16:19:16.220] [DEBUG] cheese - admin
[2020-07-17T16:19:16.225] [DEBUG] cheese - null
[2020-07-17T16:19:16.225] [DEBUG] cheese - null
[2020-07-17T16:21:22.942] [DEBUG] cheese - login => username:admin,password:123456
[2020-07-17T16:21:22.942] [DEBUG] cheese - admin
[2020-07-17T16:21:22.945] [DEBUG] cheese - null
[2020-07-17T16:21:22.945] [DEBUG] cheese - null
[2020-07-17T16:22:16.840] [DEBUG] cheese - login => username:admin,password:123456
[2020-07-17T16:22:16.841] [DEBUG] cheese - admin
[2020-07-17T16:22:16.843] [DEBUG] cheese - null
[2020-07-17T16:22:16.843] [DEBUG] cheese - null
[2020-07-17T16:24:18.891] [DEBUG] cheese - login => username:admin,password:123456
[2020-07-17T16:24:18.891] [DEBUG] cheese - admin
[2020-07-17T16:24:18.894] [DEBUG] cheese - null
[2020-07-17T16:24:18.894] [DEBUG] cheese - null
[2020-07-17T16:25:21.293] [DEBUG] cheese - login => username:admin,password:123456
[2020-07-17T16:25:21.293] [DEBUG] cheese - admin
[2020-07-17T16:25:21.297] [DEBUG] cheese - null
[2020-07-17T16:25:21.297] [DEBUG] cheese - null
[2020-07-17T16:26:16.832] [DEBUG] cheese - login => username:admin,password:123456
[2020-07-17T16:26:16.832] [DEBUG] cheese - admin
[2020-07-17T16:26:16.834] [DEBUG] cheese - null
[2020-07-17T16:26:16.834] [DEBUG] cheese - null
[2020-07-17T16:28:34.820] [DEBUG] cheese - login => username:admin,password:123456
[2020-07-17T16:28:34.821] [DEBUG] cheese - admin
[2020-07-17T16:28:34.823] [DEBUG] cheese - null
[2020-07-17T16:28:34.823] [DEBUG] cheese - null
[2020-07-17T16:28:53.397] [DEBUG] cheese - login => username:admin,password:123456
[2020-07-17T16:28:53.398] [DEBUG] cheese - admin
[2020-07-17T16:28:53.401] [DEBUG] cheese - null
[2020-07-17T16:28:53.401] [DEBUG] cheese - null
[2020-07-17T16:31:26.425] [DEBUG] cheese - login => username:admin,password:123456
[2020-07-17T16:31:26.425] [DEBUG] cheese - admin
[2020-07-17T16:31:26.430] [DEBUG] cheese - null
[2020-07-17T16:31:26.430] [DEBUG] cheese - null
[2020-07-17T16:31:43.429] [DEBUG] cheese - login => username:admin,password:123456
[2020-07-17T16:31:43.429] [DEBUG] cheese - admin
[2020-07-17T16:31:43.432] [DEBUG] cheese - null
[2020-07-17T16:31:43.432] [DEBUG] cheese - null
[2020-07-17T16:54:24.932] [DEBUG] cheese - login => username:admin,password:123456
[2020-07-17T16:54:24.932] [DEBUG] cheese - admin
[2020-07-17T16:54:24.936] [DEBUG] cheese - null
[2020-07-17T16:54:24.936] [DEBUG] cheese - null
[2020-07-17T17:06:05.623] [DEBUG] cheese - login => username:admin,password:123456
[2020-07-17T17:06:05.623] [DEBUG] cheese - admin
[2020-07-17T17:06:05.626] [DEBUG] cheese - null
[2020-07-17T17:06:05.626] [DEBUG] cheese - null
[2020-07-17T17:09:25.435] [DEBUG] cheese - login => username:admin,password:123456
[2020-07-17T17:09:25.435] [DEBUG] cheese - admin
[2020-07-17T17:09:25.438] [DEBUG] cheese - null
[2020-07-17T17:09:25.439] [DEBUG] cheese - null
[2020-07-17T17:09:32.184] [DEBUG] cheese - login => username:admin,password:123456
[2020-07-17T17:09:32.184] [DEBUG] cheese - admin
[2020-07-17T17:09:32.189] [DEBUG] cheese - null
[2020-07-17T17:09:32.189] [DEBUG] cheese - null
[2020-07-17T17:10:30.048] [DEBUG] cheese - login => username:admin,password:123456
[2020-07-17T17:10:30.048] [DEBUG] cheese - admin
[2020-07-17T17:10:30.051] [DEBUG] cheese - null
[2020-07-17T17:10:30.051] [DEBUG] cheese - null
[2020-07-17T17:10:38.675] [DEBUG] cheese - login => username:admin,password:123456
[2020-07-17T17:10:38.675] [DEBUG] cheese - admin
[2020-07-17T17:10:38.681] [DEBUG] cheese - null
[2020-07-17T17:10:38.682] [DEBUG] cheese - null
[2020-07-17T17:10:40.180] [DEBUG] cheese - login => username:admin,password:123456
[2020-07-17T17:10:40.180] [DEBUG] cheese - admin
[2020-07-17T17:10:40.185] [DEBUG] cheese - null
[2020-07-17T17:10:40.185] [DEBUG] cheese - null
[2020-07-17T17:10:45.966] [DEBUG] cheese - login => username:admin,password:123456
[2020-07-17T17:10:45.966] [DEBUG] cheese - admin
[2020-07-17T17:10:45.970] [DEBUG] cheese - null
[2020-07-17T17:10:45.971] [DEBUG] cheese - null
[2020-07-17T17:11:52.651] [DEBUG] cheese - login => username:admin,password:123456
[2020-07-17T17:11:52.651] [DEBUG] cheese - admin
[2020-07-17T17:11:52.655] [DEBUG] cheese - null
[2020-07-17T17:11:52.655] [DEBUG] cheese - null
[2020-07-17T17:11:58.444] [DEBUG] cheese - login => username:admin,password:1234566
[2020-07-17T17:11:58.444] [DEBUG] cheese - admin
[2020-07-17T17:11:58.450] [DEBUG] cheese - null
[2020-07-17T17:11:58.450] [DEBUG] cheese - null
[2020-07-17T17:11:59.917] [DEBUG] cheese - login => username:admin,password:1234566
[2020-07-17T17:11:59.918] [DEBUG] cheese - admin
[2020-07-17T17:11:59.922] [DEBUG] cheese - null
[2020-07-17T17:11:59.922] [DEBUG] cheese - null
[2020-07-17T17:12:08.602] [DEBUG] cheese - login => username:admin,password:1234566
[2020-07-17T17:12:08.603] [DEBUG] cheese - admin
[2020-07-17T17:12:08.607] [DEBUG] cheese - null
[2020-07-17T17:12:08.608] [DEBUG] cheese - null
[2020-07-17T17:12:15.603] [DEBUG] cheese - login => username:admin,password:1234566
[2020-07-17T17:12:15.603] [DEBUG] cheese - admin
[2020-07-17T17:12:15.606] [DEBUG] cheese - null
[2020-07-17T17:12:15.606] [DEBUG] cheese - null
[2020-07-17T17:12:48.756] [DEBUG] cheese - login => username:admin,password:123456
[2020-07-17T17:12:48.756] [DEBUG] cheese - admin
[2020-07-17T17:12:48.758] [DEBUG] cheese - null
[2020-07-17T17:12:48.758] [DEBUG] cheese - null
[2020-07-17T17:13:45.149] [DEBUG] cheese - login => username:admin,password:123456
[2020-07-17T17:13:45.149] [DEBUG] cheese - admin
[2020-07-17T17:13:45.154] [DEBUG] cheese - null
[2020-07-17T17:13:45.154] [DEBUG] cheese - null
[2020-07-17T17:13:50.149] [DEBUG] cheese - login => username:admin,password:123456
[2020-07-17T17:13:50.149] [DEBUG] cheese - admin
[2020-07-17T17:13:50.153] [DEBUG] cheese - null
[2020-07-17T17:13:50.153] [DEBUG] cheese - null
[2020-07-17T17:13:55.798] [DEBUG] cheese - login => username:admin,password:123456
[2020-07-17T17:13:55.798] [DEBUG] cheese - admin
[2020-07-17T17:13:55.800] [DEBUG] cheese - null
[2020-07-17T17:13:55.800] [DEBUG] cheese - null
[2020-07-17T17:13:56.377] [DEBUG] cheese - login => username:admin,password:123456
[2020-07-17T17:13:56.378] [DEBUG] cheese - admin
[2020-07-17T17:13:56.382] [DEBUG] cheese - null
[2020-07-17T17:13:56.382] [DEBUG] cheese - null
[2020-07-17T17:13:56.574] [DEBUG] cheese - login => username:admin,password:123456
[2020-07-17T17:13:56.574] [DEBUG] cheese - admin
[2020-07-17T17:13:56.578] [DEBUG] cheese - null
[2020-07-17T17:13:56.578] [DEBUG] cheese - null
[2020-07-17T17:13:56.754] [DEBUG] cheese - login => username:admin,password:123456
[2020-07-17T17:13:56.754] [DEBUG] cheese - admin
[2020-07-17T17:13:56.756] [DEBUG] cheese - null
[2020-07-17T17:13:56.757] [DEBUG] cheese - null
[2020-07-17T17:13:56.940] [DEBUG] cheese - login => username:admin,password:123456
[2020-07-17T17:13:56.940] [DEBUG] cheese - admin
[2020-07-17T17:13:56.942] [DEBUG] cheese - null
[2020-07-17T17:13:56.942] [DEBUG] cheese - null
[2020-07-17T17:13:57.125] [DEBUG] cheese - login => username:admin,password:123456
[2020-07-17T17:13:57.125] [DEBUG] cheese - admin
[2020-07-17T17:13:57.130] [DEBUG] cheese - null
[2020-07-17T17:13:57.130] [DEBUG] cheese - null
[2020-07-17T17:14:02.509] [DEBUG] cheese - login => username:admin,password:123456
[2020-07-17T17:14:02.509] [DEBUG] cheese - admin
[2020-07-17T17:14:02.511] [DEBUG] cheese - null
[2020-07-17T17:14:02.511] [DEBUG] cheese - null
[2020-07-17T17:14:33.197] [DEBUG] cheese - login => username:adminn,password:1234566
[2020-07-17T17:14:33.197] [DEBUG] cheese - adminn
[2020-07-17T17:14:33.199] [DEBUG] cheese - null
[2020-07-17T17:14:33.199] [DEBUG] cheese - null
[2020-07-17T17:14:34.861] [DEBUG] cheese - login => username:adminn,password:1234566
[2020-07-17T17:14:34.861] [DEBUG] cheese - adminn
[2020-07-17T17:14:34.864] [DEBUG] cheese - null
[2020-07-17T17:14:34.865] [DEBUG] cheese - null
[2020-07-17T17:14:39.009] [DEBUG] cheese - login => username:adminn,password:1234566
[2020-07-17T17:14:39.009] [DEBUG] cheese - adminn
[2020-07-17T17:14:39.012] [DEBUG] cheese - null
[2020-07-17T17:14:39.012] [DEBUG] cheese - null
[2020-07-17T17:14:59.341] [DEBUG] cheese - login => username:admin,password:123456
[2020-07-17T17:14:59.341] [DEBUG] cheese - admin
[2020-07-17T17:14:59.343] [DEBUG] cheese - null
[2020-07-17T17:14:59.343] [DEBUG] cheese - null
[2020-07-17T17:15:20.815] [DEBUG] cheese - login => username:admi,password:123456
[2020-07-17T17:15:20.816] [DEBUG] cheese - admi
[2020-07-17T17:15:20.819] [DEBUG] cheese - null
[2020-07-17T17:15:20.820] [DEBUG] cheese - null
[2020-07-17T17:17:45.117] [DEBUG] cheese - login => username:admin,password:123456
[2020-07-17T17:17:45.117] [DEBUG] cheese - admin
[2020-07-17T17:17:45.120] [DEBUG] cheese - null
[2020-07-17T17:17:45.120] [DEBUG] cheese - null
[2020-07-17T17:17:49.073] [DEBUG] cheese - login => username:admin,password:123456
[2020-07-17T17:17:49.073] [DEBUG] cheese - admin
[2020-07-17T17:17:49.076] [DEBUG] cheese - null
[2020-07-17T17:17:49.077] [DEBUG] cheese - null
[2020-07-17T17:17:51.818] [DEBUG] cheese - login => username:admin,password:123456
[2020-07-17T17:17:51.818] [DEBUG] cheese - admin
[2020-07-17T17:17:51.823] [DEBUG] cheese - null
[2020-07-17T17:17:51.823] [DEBUG] cheese - null
[2020-07-17T17:18:06.732] [DEBUG] cheese - login => username:admin,password:123456
[2020-07-17T17:18:06.732] [DEBUG] cheese - admin
[2020-07-17T17:18:06.742] [DEBUG] cheese - null
[2020-07-17T17:18:06.742] [DEBUG] cheese - null
[2020-07-17T17:18:29.966] [DEBUG] cheese - login => username:admin,password:123456
[2020-07-17T17:18:29.966] [DEBUG] cheese - admin
[2020-07-17T17:18:29.970] [DEBUG] cheese - null
[2020-07-17T17:18:29.970] [DEBUG] cheese - null
[2020-07-17T17:19:48.161] [DEBUG] cheese - login => username:admin,password:123456
[2020-07-17T17:19:48.161] [DEBUG] cheese - admin
[2020-07-17T17:19:48.163] [DEBUG] cheese - null
[2020-07-17T17:19:48.164] [DEBUG] cheese - null
[2020-07-17T17:20:06.445] [DEBUG] cheese - login => username:admin,password:123456
[2020-07-17T17:20:06.445] [DEBUG] cheese - admin
[2020-07-17T17:20:06.451] [DEBUG] cheese - null
[2020-07-17T17:20:06.452] [DEBUG] cheese - null
[2020-07-17T17:21:26.004] [DEBUG] cheese - login => username:admin,password:123456
[2020-07-17T17:21:26.004] [DEBUG] cheese - admin
[2020-07-17T17:21:26.008] [DEBUG] cheese - null
[2020-07-17T17:21:26.008] [DEBUG] cheese - null
[2020-07-17T17:21:41.747] [DEBUG] cheese - login => username:admin,password:123456
[2020-07-17T17:21:41.748] [DEBUG] cheese - admin
[2020-07-17T17:21:41.752] [DEBUG] cheese - null
[2020-07-17T17:21:41.752] [DEBUG] cheese - null
[2020-07-17T17:21:47.436] [DEBUG] cheese - login => username:admin,password:123456
[2020-07-17T17:21:47.436] [DEBUG] cheese - admin
[2020-07-17T17:21:47.440] [DEBUG] cheese - null
[2020-07-17T17:21:47.440] [DEBUG] cheese - null
[2020-07-17T17:21:48.174] [DEBUG] cheese - login => username:admin,password:123456
[2020-07-17T17:21:48.174] [DEBUG] cheese - admin
[2020-07-17T17:21:48.178] [DEBUG] cheese - null
[2020-07-17T17:21:48.178] [DEBUG] cheese - null
[2020-07-17T17:22:18.676] [DEBUG] cheese - login => username:admin,password:123456
[2020-07-17T17:22:18.676] [DEBUG] cheese - admin
[2020-07-17T17:22:18.679] [DEBUG] cheese - null
[2020-07-17T17:22:18.679] [DEBUG] cheese - null
[2020-07-17T17:23:05.364] [DEBUG] cheese - login => username:admin,password:123456
[2020-07-17T17:23:05.364] [DEBUG] cheese - admin
[2020-07-17T17:23:05.369] [DEBUG] cheese - null
[2020-07-17T17:23:05.369] [DEBUG] cheese - null
[2020-07-17T17:26:38.078] [DEBUG] cheese - login => username:admin,password:123456
[2020-07-17T17:26:38.079] [DEBUG] cheese - admin
[2020-07-17T17:26:38.081] [DEBUG] cheese - null
[2020-07-17T17:26:38.081] [DEBUG] cheese - null
[2020-07-17T17:26:40.932] [DEBUG] cheese - login => username:admin,password:123456
[2020-07-17T17:26:40.933] [DEBUG] cheese - admin
[2020-07-17T17:26:40.937] [DEBUG] cheese - null
[2020-07-17T17:26:40.937] [DEBUG] cheese - null
[2020-07-18T15:00:49.791] [DEBUG] cheese - login => username:admin,password:123456
[2020-07-18T15:00:49.793] [DEBUG] cheese - admin
[2020-07-18T15:00:49.812] [DEBUG] cheese - null
[2020-07-18T15:00:49.812] [DEBUG] cheese - null
[2020-07-18T15:03:22.327] [DEBUG] cheese - login => username:admin,password:123456
[2020-07-18T15:03:22.328] [DEBUG] cheese - admin
[2020-07-18T15:03:22.333] [DEBUG] cheese - null
[2020-07-18T15:03:22.333] [DEBUG] cheese - null
[2020-07-18T15:03:47.342] [DEBUG] cheese - login => username:admin,password:123456
[2020-07-18T15:03:47.342] [DEBUG] cheese - admin
[2020-07-18T15:03:47.346] [DEBUG] cheese - null
[2020-07-18T15:03:47.346] [DEBUG] cheese - null
[2020-07-18T15:03:53.471] [DEBUG] cheese - login => username:admin,password:123457
[2020-07-18T15:03:53.472] [DEBUG] cheese - admin
[2020-07-18T15:03:53.475] [DEBUG] cheese - null
[2020-07-18T15:03:53.475] [DEBUG] cheese - null
[2020-07-18T15:03:56.997] [DEBUG] cheese - login => username:admin,password:123456
[2020-07-18T15:03:56.997] [DEBUG] cheese - admin
[2020-07-18T15:03:56.999] [DEBUG] cheese - null
[2020-07-18T15:03:56.999] [DEBUG] cheese - null
[2020-07-18T15:08:35.155] [DEBUG] cheese - login => username:admin,password:123456
[2020-07-18T15:08:35.155] [DEBUG] cheese - admin
[2020-07-18T15:08:35.158] [DEBUG] cheese - null
[2020-07-18T15:08:35.158] [DEBUG] cheese - null
[2020-07-18T15:08:49.982] [DEBUG] cheese - login => username:admin,password:123456
[2020-07-18T15:08:49.982] [DEBUG] cheese - admin
[2020-07-18T15:08:49.988] [DEBUG] cheese - null
[2020-07-18T15:08:49.988] [DEBUG] cheese - null
[2020-07-18T15:09:21.437] [DEBUG] cheese - login => username:admin,password:123456
[2020-07-18T15:09:21.437] [DEBUG] cheese - admin
[2020-07-18T15:09:21.439] [DEBUG] cheese - null
[2020-07-18T15:09:21.439] [DEBUG] cheese - null
[2020-07-18T15:12:11.997] [DEBUG] cheese - login => username:admin,password:123456
[2020-07-18T15:12:11.998] [DEBUG] cheese - admin
[2020-07-18T15:12:12.000] [DEBUG] cheese - null
[2020-07-18T15:12:12.001] [DEBUG] cheese - null
[2020-07-18T15:15:59.147] [DEBUG] cheese - login => username:admin,password:123456
[2020-07-18T15:15:59.148] [DEBUG] cheese - admin
[2020-07-18T15:15:59.150] [DEBUG] cheese - null
[2020-07-18T15:15:59.150] [DEBUG] cheese - null
[2020-07-18T15:32:56.443] [DEBUG] cheese - login => username:admin,password:123456
[2020-07-18T15:32:56.443] [DEBUG] cheese - admin
[2020-07-18T15:32:56.447] [DEBUG] cheese - null
[2020-07-18T15:32:56.447] [DEBUG] cheese - null
[2020-07-18T15:33:41.986] [DEBUG] cheese - login => username:admin,password:123456
[2020-07-18T15:33:41.986] [DEBUG] cheese - admin
[2020-07-18T15:33:41.989] [DEBUG] cheese - null
[2020-07-18T15:33:41.989] [DEBUG] cheese - null
[2020-07-18T15:34:06.768] [DEBUG] cheese - login => username:admin,password:123456
[2020-07-18T15:34:06.768] [DEBUG] cheese - admin
[2020-07-18T15:34:06.770] [DEBUG] cheese - null
[2020-07-18T15:34:06.770] [DEBUG] cheese - null
[2020-07-18T15:37:58.658] [DEBUG] cheese - login => username:admin,password:123456
[2020-07-18T15:37:58.658] [DEBUG] cheese - admin
[2020-07-18T15:37:58.661] [DEBUG] cheese - null
[2020-07-18T15:37:58.661] [DEBUG] cheese - null
[2020-07-18T15:44:52.683] [DEBUG] cheese - login => username:admin,password:123456
[2020-07-18T15:44:52.683] [DEBUG] cheese - admin
[2020-07-18T15:44:52.687] [DEBUG] cheese - null
[2020-07-18T15:44:52.687] [DEBUG] cheese - null
[2020-07-19T13:48:53.198] [DEBUG] cheese - login => username:admin,password:123456
[2020-07-19T13:48:53.200] [DEBUG] cheese - admin
[2020-07-19T13:48:53.220] [DEBUG] cheese - null
[2020-07-19T13:48:53.221] [DEBUG] cheese - null
[2020-07-19T13:49:04.518] [DEBUG] cheese - login => username:admi,password:123456
[2020-07-19T13:49:04.518] [DEBUG] cheese - admi
[2020-07-19T13:49:04.521] [DEBUG] cheese - null
[2020-07-19T13:49:04.522] [DEBUG] cheese - null
[2020-07-19T13:50:11.658] [DEBUG] cheese - login => username:admin,password:123456
[2020-07-19T13:50:11.658] [DEBUG] cheese - admin
[2020-07-19T13:50:11.663] [DEBUG] cheese - null
[2020-07-19T13:50:11.663] [DEBUG] cheese - null
[2020-07-19T13:51:01.687] [DEBUG] cheese - login => username:admin,password:123456
[2020-07-19T13:51:01.688] [DEBUG] cheese - admin
[2020-07-19T13:51:01.690] [DEBUG] cheese - null
[2020-07-19T13:51:01.690] [DEBUG] cheese - null
[2020-07-19T13:51:11.769] [DEBUG] cheese - login => username:admin,password:123457
[2020-07-19T13:51:11.769] [DEBUG] cheese - admin
[2020-07-19T13:51:11.771] [DEBUG] cheese - null
[2020-07-19T13:51:11.771] [DEBUG] cheese - null
[2020-07-19T13:52:30.360] [DEBUG] cheese - login => username:admin,password:123456
[2020-07-19T13:52:30.361] [DEBUG] cheese - admin
[2020-07-19T13:52:30.363] [DEBUG] cheese - null
[2020-07-19T13:52:30.363] [DEBUG] cheese - null
[2020-07-19T13:53:36.897] [DEBUG] cheese - login => username:admin,password:123456
[2020-07-19T13:53:36.897] [DEBUG] cheese - admin
[2020-07-19T13:53:36.899] [DEBUG] cheese - null
[2020-07-19T13:53:36.899] [DEBUG] cheese - null
[2020-07-19T13:56:58.904] [DEBUG] cheese - login => username:admin,password:123456
[2020-07-19T13:56:58.905] [DEBUG] cheese - admin
[2020-07-19T13:56:58.907] [DEBUG] cheese - null
[2020-07-19T13:56:58.908] [DEBUG] cheese - null
[2020-07-19T14:04:51.652] [DEBUG] cheese - login => username:admin,password:123456
[2020-07-19T14:04:51.652] [DEBUG] cheese - admin
[2020-07-19T14:04:51.655] [DEBUG] cheese - null
[2020-07-19T14:04:51.655] [DEBUG] cheese - null
[2020-07-19T14:07:39.922] [DEBUG] cheese - login => username:admin,password:123456
[2020-07-19T14:07:39.922] [DEBUG] cheese - admin
[2020-07-19T14:07:39.924] [DEBUG] cheese - null
[2020-07-19T14:07:39.924] [DEBUG] cheese - null
[2020-07-19T14:11:03.278] [DEBUG] cheese - login => username:admin,password:123456
[2020-07-19T14:11:03.278] [DEBUG] cheese - admin
[2020-07-19T14:11:03.281] [DEBUG] cheese - null
[2020-07-19T14:11:03.282] [DEBUG] cheese - null
[2020-07-19T14:11:08.990] [DEBUG] cheese - login => username:admin,password:123456
[2020-07-19T14:11:08.991] [DEBUG] cheese - admin
[2020-07-19T14:11:08.993] [DEBUG] cheese - null
[2020-07-19T14:11:08.993] [DEBUG] cheese - null
[2020-07-19T14:11:17.087] [DEBUG] cheese - login => username:admin,password:123456
[2020-07-19T14:11:17.087] [DEBUG] cheese - admin
[2020-07-19T14:11:17.095] [DEBUG] cheese - null
[2020-07-19T14:11:17.095] [DEBUG] cheese - null
[2020-07-21T14:21:55.885] [DEBUG] cheese - login => username:admin,password:123456
[2020-07-21T14:21:55.888] [DEBUG] cheese - admin
[2020-07-21T14:21:55.907] [DEBUG] cheese - null
[2020-07-21T14:21:55.908] [DEBUG] cheese - null
[2020-07-21T14:24:38.950] [DEBUG] cheese - login => username:admin,password:123456
[2020-07-21T14:24:38.951] [DEBUG] cheese - admin
[2020-07-21T14:24:38.955] [DEBUG] cheese - null
[2020-07-21T14:24:38.956] [DEBUG] cheese - null
[2020-07-21T14:25:10.328] [DEBUG] cheese - login => username:admin,password:123456
[2020-07-21T14:25:10.328] [DEBUG] cheese - admin
[2020-07-21T14:25:10.333] [DEBUG] cheese - null
[2020-07-21T14:25:10.333] [DEBUG] cheese - null
[2020-07-21T14:25:12.457] [DEBUG] cheese - login => username:admin,password:123456
[2020-07-21T14:25:12.458] [DEBUG] cheese - admin
[2020-07-21T14:25:12.463] [DEBUG] cheese - null
[2020-07-21T14:25:12.463] [DEBUG] cheese - null
[2020-07-21T14:25:21.140] [DEBUG] cheese - login => username:admin,password:123456
[2020-07-21T14:25:21.140] [DEBUG] cheese - admin
[2020-07-21T14:25:21.142] [DEBUG] cheese - null
[2020-07-21T14:25:21.142] [DEBUG] cheese - null
[2020-07-21T14:27:45.882] [DEBUG] cheese - login => username:admin,password:123456
[2020-07-21T14:27:45.883] [DEBUG] cheese - admin
[2020-07-21T14:27:45.886] [DEBUG] cheese - null
[2020-07-21T14:27:45.886] [DEBUG] cheese - null
[2020-07-21T14:30:45.843] [DEBUG] cheese - login => username:admin,password:123456
[2020-07-21T14:30:45.843] [DEBUG] cheese - admin
[2020-07-21T14:30:45.848] [DEBUG] cheese - null
[2020-07-21T14:30:45.848] [DEBUG] cheese - null
[2020-07-21T14:31:12.262] [DEBUG] cheese - login => username:admin,password:123456
[2020-07-21T14:31:12.262] [DEBUG] cheese - admin
[2020-07-21T14:31:12.264] [DEBUG] cheese - null
[2020-07-21T14:31:12.264] [DEBUG] cheese - null
[2020-07-21T14:32:50.729] [DEBUG] cheese - login => username:admin,password:123456
[2020-07-21T14:32:50.729] [DEBUG] cheese - admin
[2020-07-21T14:32:50.731] [DEBUG] cheese - null
[2020-07-21T14:32:50.731] [DEBUG] cheese - null
[2020-07-21T14:32:57.743] [DEBUG] cheese - login => username:admin,password:123456
[2020-07-21T14:32:57.744] [DEBUG] cheese - admin
[2020-07-21T14:32:57.747] [DEBUG] cheese - null
[2020-07-21T14:32:57.747] [DEBUG] cheese - null
[2020-07-21T14:33:05.399] [DEBUG] cheese - login => username:admin,password:123456
[2020-07-21T14:33:05.399] [DEBUG] cheese - admin
[2020-07-21T14:33:05.403] [DEBUG] cheese - null
[2020-07-21T14:33:05.404] [DEBUG] cheese - null
[2020-07-24T13:23:17.684] [DEBUG] cheese - login => username:admin,password:123456
[2020-07-24T13:23:17.686] [DEBUG] cheese - admin
[2020-07-24T13:23:17.702] [DEBUG] cheese - null
[2020-07-24T13:23:17.703] [DEBUG] cheese - null
[2020-07-24T13:24:31.380] [DEBUG] cheese - login => username:admin,password:123456
[2020-07-24T13:24:31.381] [DEBUG] cheese - admin
[2020-07-24T13:24:31.383] [DEBUG] cheese - null
[2020-07-24T13:24:31.383] [DEBUG] cheese - null
